{"numTotalTestSuites":4,"numPassedTestSuites":4,"numFailedTestSuites":0,"numPendingTestSuites":0,"numTotalTests":0,"numPassedTests":0,"numFailedTests":0,"numPendingTests":0,"numTodoTests":0,"snapshot":{"added":0,"failure":false,"filesAdded":0,"filesRemoved":0,"filesRemovedList":[],"filesUnmatched":0,"filesUpdated":0,"matched":0,"total":0,"unchecked":0,"uncheckedKeysByFile":[],"unmatched":0,"updated":0,"didUpdate":false},"startTime":1761496284278,"success":true,"testResults":[{"assertionResults":[],"startTime":1761496284278,"endTime":1761496284278,"status":"passed","message":"","name":"C:/Daaps/BitcoinBaazar/tests/bitcoin-oracle.test.ts"},{"assertionResults":[],"startTime":1761496284278,"endTime":1761496284278,"status":"passed","message":"","name":"C:/Daaps/BitcoinBaazar/tests/marketplace-sbtc.test.ts"},{"assertionResults":[],"startTime":1761496284278,"endTime":1761496284278,"status":"passed","message":"","name":"C:/Daaps/BitcoinBaazar/tests/marketplace.test.ts"},{"assertionResults":[],"startTime":1761496284278,"endTime":1761496284278,"status":"passed","message":"","name":"C:/Daaps/BitcoinBaazar/tests/nft-core.test.ts"}]}